2021-06-24 14:08:15 -[restartedMain] -INFO  -c.a.c.AchetercustomerApplication - Starting AchetercustomerApplication using Java 15.0.2 on acheterbox with PID 4926 (/u01/data/shrinidhipanderepo/achetercustomer/target/classes started by shrinidhi in /u01/data/shrinidhipanderepo/achetercustomer)
2021-06-24 14:08:15 -[restartedMain] -INFO  -c.a.c.AchetercustomerApplication - No active profile set, falling back to default profiles: default
2021-06-24 14:08:15 -[restartedMain] -INFO  -o.s.b.d.e.DevToolsPropertyDefaultsPostProcessor - Devtools property defaults active! Set 'spring.devtools.add-properties' to 'false' to disable
2021-06-24 14:08:15 -[restartedMain] -INFO  -o.s.b.d.e.DevToolsPropertyDefaultsPostProcessor - For additional web related logging consider setting the 'logging.level.web' property to 'DEBUG'
2021-06-24 14:08:17 -[restartedMain] -INFO  -o.s.b.w.e.tomcat.TomcatWebServer - Tomcat initialized with port(s): 8080 (http)
2021-06-24 14:08:17 -[restartedMain] -INFO  -o.a.catalina.core.StandardService - Starting service [Tomcat]
2021-06-24 14:08:17 -[restartedMain] -INFO  -o.a.catalina.core.StandardEngine - Starting Servlet engine: [Apache Tomcat/9.0.46]
2021-06-24 14:08:17 -[restartedMain] -INFO  -o.a.c.c.C.[Tomcat].[localhost].[/] - Initializing Spring embedded WebApplicationContext
2021-06-24 14:08:17 -[restartedMain] -INFO  -o.s.b.w.s.c.ServletWebServerApplicationContext - Root WebApplicationContext: initialization completed in 1806 ms
2021-06-24 14:08:18 -[restartedMain] -INFO  -o.s.b.d.a.OptionalLiveReloadServer - LiveReload server is running on port 35729
2021-06-24 14:08:18 -[restartedMain] -INFO  -o.s.b.a.e.web.EndpointLinksResolver - Exposing 1 endpoint(s) beneath base path '/actuator'
2021-06-24 14:08:18 -[restartedMain] -INFO  -o.s.b.w.e.tomcat.TomcatWebServer - Tomcat started on port(s): 8080 (http) with context path ''
2021-06-24 14:08:18 -[restartedMain] -INFO  -c.a.c.AchetercustomerApplication - Started AchetercustomerApplication in 4.688 seconds (JVM running for 7.32)
2021-06-24 14:08:18 -[restartedMain] -INFO  -o.s.b.a.ApplicationAvailabilityBean - Application availability state LivenessState changed to CORRECT
2021-06-24 14:08:18 -[restartedMain] -INFO  -o.s.b.a.ApplicationAvailabilityBean - Application availability state ReadinessState changed to ACCEPTING_TRAFFIC
2021-06-24 14:08:40 -[http-nio-8080-exec-1] -INFO  -o.a.c.c.C.[Tomcat].[localhost].[/] - Initializing Spring DispatcherServlet 'dispatcherServlet'
2021-06-24 14:08:40 -[http-nio-8080-exec-1] -INFO  -o.s.web.servlet.DispatcherServlet - Initializing Servlet 'dispatcherServlet'
2021-06-24 14:08:40 -[http-nio-8080-exec-1] -INFO  -o.s.web.servlet.DispatcherServlet - Completed initialization in 4 ms
2021-06-24 14:08:40 -[http-nio-8080-exec-1] -WARN  -o.s.web.servlet.PageNotFound - No mapping for GET /
2021-06-24 14:08:40 -[http-nio-8080-exec-2] -WARN  -o.s.web.servlet.PageNotFound - No mapping for GET /favicon.ico
2021-06-24 14:08:55 -[http-nio-8080-exec-4] -WARN  -o.s.web.servlet.PageNotFound - No mapping for GET /customer/assets/css/colors/pink.css
2021-06-24 14:08:55 -[http-nio-8080-exec-1] -WARN  -o.s.web.servlet.PageNotFound - No mapping for GET /customer/assets/css/color-switcher.css
2021-06-24 14:08:55 -[http-nio-8080-exec-8] -WARN  -o.s.web.servlet.PageNotFound - No mapping for GET /favicon.ico
2021-06-24 14:09:01 -[http-nio-8080-exec-5] -WARN  -o.s.web.servlet.PageNotFound - No mapping for GET /customer/assets/css/colors/pink.css
2021-06-24 14:09:01 -[http-nio-8080-exec-6] -WARN  -o.s.web.servlet.PageNotFound - No mapping for GET /customer/assets/css/color-switcher.css
2021-06-24 14:09:17 -[http-nio-8080-exec-7] -WARN  -o.s.web.servlet.PageNotFound - No mapping for GET /customer/index-2.html
2021-06-24 14:09:24 -[http-nio-8080-exec-1] -WARN  -o.s.web.servlet.PageNotFound - No mapping for GET /customer/assets/css/colors/pink.css
2021-06-24 14:09:24 -[http-nio-8080-exec-8] -WARN  -o.s.web.servlet.PageNotFound - No mapping for GET /customer/assets/css/color-switcher.css
2021-06-24 14:09:27 -[http-nio-8080-exec-7] -WARN  -o.s.web.servlet.PageNotFound - No mapping for GET /customer/assets/css/colors/pink.css
2021-06-24 14:09:27 -[http-nio-8080-exec-4] -WARN  -o.s.web.servlet.PageNotFound - No mapping for GET /customer/assets/css/color-switcher.css
2021-06-24 14:10:07 -[http-nio-8080-exec-2] -WARN  -o.s.web.servlet.PageNotFound - No mapping for GET /customer/assets/css/colors/pink.css
2021-06-24 14:10:07 -[http-nio-8080-exec-5] -WARN  -o.s.web.servlet.PageNotFound - No mapping for GET /customer/assets/css/color-switcher.css
2021-06-24 14:10:07 -[http-nio-8080-exec-8] -WARN  -o.s.web.servlet.PageNotFound - No mapping for GET /favicon.ico
2021-06-24 15:22:09 -[RMI TCP Connection(84)-127.0.0.1] -INFO  -o.s.b.a.SpringApplicationAdminMXBeanRegistrar$SpringApplicationAdmin - Application shutdown requested.
2021-06-24 15:22:09 -[RMI TCP Connection(84)-127.0.0.1] -INFO  -o.s.b.a.ApplicationAvailabilityBean - Application availability state ReadinessState changed from ACCEPTING_TRAFFIC to REFUSING_TRAFFIC
2021-06-24 15:22:27 -[restartedMain] -INFO  -c.a.c.AchetercustomerApplication - Starting AchetercustomerApplication using Java 15.0.2 on acheterbox with PID 6738 (/u01/data/shrinidhipanderepo/achetercustomer/target/classes started by shrinidhi in /u01/data/shrinidhipanderepo/achetercustomer)
2021-06-24 15:22:27 -[restartedMain] -INFO  -c.a.c.AchetercustomerApplication - No active profile set, falling back to default profiles: default
2021-06-24 15:22:28 -[restartedMain] -INFO  -o.s.b.d.e.DevToolsPropertyDefaultsPostProcessor - Devtools property defaults active! Set 'spring.devtools.add-properties' to 'false' to disable
2021-06-24 15:22:28 -[restartedMain] -INFO  -o.s.b.d.e.DevToolsPropertyDefaultsPostProcessor - For additional web related logging consider setting the 'logging.level.web' property to 'DEBUG'
2021-06-24 15:22:31 -[restartedMain] -INFO  -o.s.b.w.e.tomcat.TomcatWebServer - Tomcat initialized with port(s): 8080 (http)
2021-06-24 15:22:31 -[restartedMain] -INFO  -o.a.catalina.core.StandardService - Starting service [Tomcat]
2021-06-24 15:22:31 -[restartedMain] -INFO  -o.a.catalina.core.StandardEngine - Starting Servlet engine: [Apache Tomcat/9.0.46]
2021-06-24 15:22:31 -[restartedMain] -INFO  -o.a.c.c.C.[Tomcat].[localhost].[/] - Initializing Spring embedded WebApplicationContext
2021-06-24 15:22:31 -[restartedMain] -INFO  -o.s.b.w.s.c.ServletWebServerApplicationContext - Root WebApplicationContext: initialization completed in 2812 ms
2021-06-24 15:22:33 -[restartedMain] -WARN  -o.s.b.d.a.OptionalLiveReloadServer - Unable to start LiveReload server
2021-06-24 15:22:33 -[restartedMain] -INFO  -o.s.b.a.e.web.EndpointLinksResolver - Exposing 1 endpoint(s) beneath base path '/actuator'
2021-06-24 15:22:33 -[restartedMain] -INFO  -o.s.b.w.e.tomcat.TomcatWebServer - Tomcat started on port(s): 8080 (http) with context path ''
2021-06-24 15:22:33 -[restartedMain] -INFO  -c.a.c.AchetercustomerApplication - Started AchetercustomerApplication in 6.674 seconds (JVM running for 9.123)
2021-06-24 15:22:33 -[restartedMain] -INFO  -o.s.b.a.ApplicationAvailabilityBean - Application availability state LivenessState changed to CORRECT
2021-06-24 15:22:33 -[restartedMain] -INFO  -o.s.b.a.ApplicationAvailabilityBean - Application availability state ReadinessState changed to ACCEPTING_TRAFFIC
2021-06-24 15:22:34 -[RMI TCP Connection(3)-127.0.0.1] -INFO  -o.a.c.c.C.[Tomcat].[localhost].[/] - Initializing Spring DispatcherServlet 'dispatcherServlet'
2021-06-24 15:22:34 -[RMI TCP Connection(3)-127.0.0.1] -INFO  -o.s.web.servlet.DispatcherServlet - Initializing Servlet 'dispatcherServlet'
2021-06-24 15:22:34 -[RMI TCP Connection(3)-127.0.0.1] -INFO  -o.s.web.servlet.DispatcherServlet - Completed initialization in 3 ms
2021-06-24 15:25:05 -[RMI TCP Connection(12)-127.0.0.1] -INFO  -o.s.b.a.SpringApplicationAdminMXBeanRegistrar$SpringApplicationAdmin - Application shutdown requested.
2021-06-24 15:25:05 -[RMI TCP Connection(12)-127.0.0.1] -INFO  -o.s.b.a.ApplicationAvailabilityBean - Application availability state ReadinessState changed from ACCEPTING_TRAFFIC to REFUSING_TRAFFIC
2021-06-24 15:25:24 -[restartedMain] -INFO  -c.a.c.AchetercustomerApplication - Starting AchetercustomerApplication using Java 15.0.2 on acheterbox with PID 7054 (/u01/data/shrinidhipanderepo/achetercustomer/target/classes started by shrinidhi in /u01/data/shrinidhipanderepo/achetercustomer)
2021-06-24 15:25:25 -[restartedMain] -INFO  -c.a.c.AchetercustomerApplication - No active profile set, falling back to default profiles: default
2021-06-24 15:25:25 -[restartedMain] -INFO  -o.s.b.d.e.DevToolsPropertyDefaultsPostProcessor - Devtools property defaults active! Set 'spring.devtools.add-properties' to 'false' to disable
2021-06-24 15:25:25 -[restartedMain] -INFO  -o.s.b.d.e.DevToolsPropertyDefaultsPostProcessor - For additional web related logging consider setting the 'logging.level.web' property to 'DEBUG'
2021-06-24 15:25:29 -[restartedMain] -INFO  -o.s.b.w.e.tomcat.TomcatWebServer - Tomcat initialized with port(s): 8080 (http)
2021-06-24 15:25:29 -[restartedMain] -INFO  -o.a.catalina.core.StandardService - Starting service [Tomcat]
2021-06-24 15:25:29 -[restartedMain] -INFO  -o.a.catalina.core.StandardEngine - Starting Servlet engine: [Apache Tomcat/9.0.46]
2021-06-24 15:25:29 -[restartedMain] -INFO  -o.a.c.c.C.[Tomcat].[localhost].[/] - Initializing Spring embedded WebApplicationContext
2021-06-24 15:25:29 -[restartedMain] -INFO  -o.s.b.w.s.c.ServletWebServerApplicationContext - Root WebApplicationContext: initialization completed in 3771 ms
2021-06-24 15:25:31 -[restartedMain] -WARN  -o.s.b.d.a.OptionalLiveReloadServer - Unable to start LiveReload server
2021-06-24 15:25:31 -[restartedMain] -INFO  -o.s.b.a.e.web.EndpointLinksResolver - Exposing 1 endpoint(s) beneath base path '/actuator'
2021-06-24 15:25:31 -[restartedMain] -INFO  -o.s.b.w.e.tomcat.TomcatWebServer - Tomcat started on port(s): 8080 (http) with context path ''
2021-06-24 15:25:31 -[restartedMain] -INFO  -c.a.c.AchetercustomerApplication - Started AchetercustomerApplication in 8.243 seconds (JVM running for 10.744)
2021-06-24 15:25:31 -[restartedMain] -INFO  -o.s.b.a.ApplicationAvailabilityBean - Application availability state LivenessState changed to CORRECT
2021-06-24 15:25:31 -[restartedMain] -INFO  -o.s.b.a.ApplicationAvailabilityBean - Application availability state ReadinessState changed to ACCEPTING_TRAFFIC
2021-06-24 15:25:33 -[RMI TCP Connection(3)-127.0.0.1] -INFO  -o.a.c.c.C.[Tomcat].[localhost].[/] - Initializing Spring DispatcherServlet 'dispatcherServlet'
2021-06-24 15:25:33 -[RMI TCP Connection(3)-127.0.0.1] -INFO  -o.s.web.servlet.DispatcherServlet - Initializing Servlet 'dispatcherServlet'
2021-06-24 15:25:33 -[RMI TCP Connection(3)-127.0.0.1] -INFO  -o.s.web.servlet.DispatcherServlet - Completed initialization in 1 ms
2021-06-24 15:29:19 -[RMI TCP Connection(14)-127.0.0.1] -INFO  -o.s.b.a.SpringApplicationAdminMXBeanRegistrar$SpringApplicationAdmin - Application shutdown requested.
2021-06-24 15:29:19 -[RMI TCP Connection(14)-127.0.0.1] -INFO  -o.s.b.a.ApplicationAvailabilityBean - Application availability state ReadinessState changed from ACCEPTING_TRAFFIC to REFUSING_TRAFFIC
